{"C:\\Users\\felip\\Projetos\\Rhtimo\\boiler-node\\src\\services\\Formulario\\AtualizarFormulario\\AtualizarFormularioService.ts": {"path":"C:\\Users\\felip\\Projetos\\Rhtimo\\boiler-node\\src\\services\\Formulario\\AtualizarFormulario\\AtualizarFormularioService.ts","statementMap":{"0":{"start":{"line":1,"column":0},"end":{"line":1,"column":45}},"1":{"start":{"line":14,"column":17},"end":{"line":14,"column":54}},"2":{"start":{"line":16,"column":4},"end":{"line":16,"column":null}},"3":{"start":{"line":16,"column":17},"end":{"line":16,"column":47}},"4":{"start":{"line":18,"column":4},"end":{"line":22,"column":7}},"5":{"start":{"line":26,"column":0},"end":{"line":26,"column":42}}},"fnMap":{"0":{"name":"(anonymous_1)","decl":{"start":{"line":11,"column":9},"end":{"line":11,"column":14}},"loc":{"start":{"line":13,"column":13},"end":{"line":23,"column":3}}}},"branchMap":{"0":{"loc":{"start":{"line":16,"column":4},"end":{"line":16,"column":null}},"type":"if","locations":[{"start":{"line":16,"column":4},"end":{"line":16,"column":null}},{"start":{"line":16,"column":4},"end":{"line":16,"column":null}}]}},"s":{"0":1,"1":1,"2":1,"3":0,"4":1,"5":1},"f":{"0":1},"b":{"0":[0,1]}}
,"C:\\Users\\felip\\Projetos\\Rhtimo\\boiler-node\\src\\services\\Formulario\\CriarFormulario\\CriarFormularioService.ts": {"path":"C:\\Users\\felip\\Projetos\\Rhtimo\\boiler-node\\src\\services\\Formulario\\CriarFormulario\\CriarFormularioService.ts","statementMap":{"0":{"start":{"line":1,"column":0},"end":{"line":1,"column":53}},"1":{"start":{"line":12,"column":21},"end":{"line":16,"column":6}},"2":{"start":{"line":18,"column":4},"end":{"line":18,"column":26}},"3":{"start":{"line":22,"column":0},"end":{"line":22,"column":38}}},"fnMap":{"0":{"name":"(anonymous_1)","decl":{"start":{"line":10,"column":9},"end":{"line":10,"column":14}},"loc":{"start":{"line":10,"column":64},"end":{"line":19,"column":3}}}},"branchMap":{},"s":{"0":1,"1":1,"2":1,"3":1},"f":{"0":1},"b":{}}
}
