{"C:\\Users\\felip\\Projetos\\Rhtimo\\boiler-node\\src\\services\\Formulario\\AtualizarFormularioService.ts": {"path":"C:\\Users\\felip\\Projetos\\Rhtimo\\boiler-node\\src\\services\\Formulario\\AtualizarFormularioService.ts","statementMap":{"0":{"start":{"line":1,"column":0},"end":{"line":1,"column":45}},"1":{"start":{"line":12,"column":17},"end":{"line":12,"column":62}},"2":{"start":{"line":14,"column":4},"end":{"line":14,"column":null}},"3":{"start":{"line":14,"column":17},"end":{"line":14,"column":47}},"4":{"start":{"line":16,"column":4},"end":{"line":20,"column":7}},"5":{"start":{"line":24,"column":0},"end":{"line":24,"column":42}}},"fnMap":{"0":{"name":"(anonymous_1)","decl":{"start":{"line":11,"column":9},"end":{"line":11,"column":14}},"loc":{"start":{"line":11,"column":60},"end":{"line":21,"column":3}}}},"branchMap":{"0":{"loc":{"start":{"line":14,"column":4},"end":{"line":14,"column":null}},"type":"if","locations":[{"start":{"line":14,"column":4},"end":{"line":14,"column":null}},{"start":{"line":14,"column":4},"end":{"line":14,"column":null}}]}},"s":{"0":1,"1":1,"2":1,"3":0,"4":1,"5":1},"f":{"0":1},"b":{"0":[0,1]}}
,"C:\\Users\\felip\\Projetos\\Rhtimo\\boiler-node\\src\\services\\Formulario\\CriarFormulario\\CriarFormularioService.ts": {"path":"C:\\Users\\felip\\Projetos\\Rhtimo\\boiler-node\\src\\services\\Formulario\\CriarFormulario\\CriarFormularioService.ts","statementMap":{"0":{"start":{"line":1,"column":0},"end":{"line":1,"column":46}},"1":{"start":{"line":4,"column":0},"end":{"line":4,"column":45}},"2":{"start":{"line":5,"column":0},"end":{"line":5,"column":81}},"3":{"start":{"line":14,"column":0},"end":{"line":35,"column":null}},"4":{"start":{"line":16,"column":38},"end":{"line":16,"column":68}},"5":{"start":{"line":20,"column":4},"end":{"line":20,"column":57}},"6":{"start":{"line":22,"column":23},"end":{"line":26,"column":6}},"7":{"start":{"line":28,"column":4},"end":{"line":31,"column":6}},"8":{"start":{"line":33,"column":4},"end":{"line":33,"column":26}},"9":{"start":{"line":14,"column":6},"end":{"line":35,"column":null}},"10":{"start":{"line":37,"column":0},"end":{"line":37,"column":38}}},"fnMap":{"0":{"name":"(anonymous_5)","decl":{"start":{"line":15,"column":2},"end":{"line":15,"column":null}},"loc":{"start":{"line":16,"column":68},"end":{"line":17,"column":7}}},"1":{"name":"(anonymous_6)","decl":{"start":{"line":19,"column":9},"end":{"line":19,"column":14}},"loc":{"start":{"line":19,"column":56},"end":{"line":34,"column":3}}}},"branchMap":{},"s":{"0":1,"1":1,"2":1,"3":1,"4":1,"5":1,"6":1,"7":1,"8":1,"9":1,"10":1},"f":{"0":1,"1":1},"b":{}}
,"C:\\Users\\felip\\Projetos\\Rhtimo\\boiler-node\\src\\services\\Formulario\\CriarFormulario\\CriarFormularioService.validator.ts": {"path":"C:\\Users\\felip\\Projetos\\Rhtimo\\boiler-node\\src\\services\\Formulario\\CriarFormulario\\CriarFormularioService.validator.ts","statementMap":{"0":{"start":{"line":1,"column":0},"end":{"line":1,"column":59}},"1":{"start":{"line":2,"column":0},"end":{"line":2,"column":36}},"2":{"start":{"line":7,"column":23},"end":{"line":13,"column":6}},"3":{"start":{"line":15,"column":4},"end":{"line":17,"column":null}},"4":{"start":{"line":16,"column":6},"end":{"line":16,"column":56}},"5":{"start":{"line":21,"column":0},"end":{"line":21,"column":47}}},"fnMap":{"0":{"name":"(anonymous_1)","decl":{"start":{"line":6,"column":2},"end":{"line":6,"column":7}},"loc":{"start":{"line":6,"column":51},"end":{"line":18,"column":3}}}},"branchMap":{"0":{"loc":{"start":{"line":15,"column":4},"end":{"line":17,"column":null}},"type":"if","locations":[{"start":{"line":15,"column":4},"end":{"line":17,"column":null}},{"start":{"line":15,"column":4},"end":{"line":17,"column":null}}]}},"s":{"0":1,"1":1,"2":1,"3":1,"4":0,"5":1},"f":{"0":1},"b":{"0":[0,1]}}
}
