TN:
SF:src\services\Formulario\AtualizarFormulario\AtualizarFormularioService.ts
FN:11,(anonymous_1)
FNF:1
FNH:1
FNDA:1,(anonymous_1)
DA:1,1
DA:14,1
DA:16,1
DA:18,1
DA:26,1
LF:5
LH:5
BRDA:16,0,0,0
BRDA:16,0,1,1
BRF:2
BRH:1
end_of_record
TN:
SF:src\services\Formulario\CriarFormulario\CriarFormularioService.ts
FN:15,(anonymous_5)
FN:20,(anonymous_6)
FNF:2
FNH:2
FNDA:1,(anonymous_5)
FNDA:1,(anonymous_6)
DA:1,1
DA:3,1
DA:14,1
DA:16,1
DA:21,1
DA:27,1
DA:32,1
DA:36,1
LF:8
LH:8
BRF:0
BRH:0
end_of_record
