TN:
SF:src\services\Formulario\AtualizarFormulario\AtualizarFormularioService.ts
FN:11,(anonymous_1)
FNF:1
FNH:1
FNDA:1,(anonymous_1)
DA:1,1
DA:12,1
DA:14,1
DA:16,1
DA:24,1
LF:5
LH:5
BRDA:14,0,0,0
BRDA:14,0,1,1
BRF:2
BRH:1
end_of_record
TN:
SF:src\services\Formulario\CriarFormulario\CriarFormularioService.ts
FN:15,(anonymous_5)
FN:19,(anonymous_6)
FNF:2
FNH:2
FNDA:2,(anonymous_5)
FNDA:2,(anonymous_6)
DA:1,1
DA:4,1
DA:5,1
DA:14,1
DA:16,2
DA:20,2
DA:22,1
DA:28,1
DA:33,1
DA:37,1
LF:10
LH:10
BRF:0
BRH:0
end_of_record
TN:
SF:src\services\Formulario\CriarFormulario\CriarFormularioService.validator.ts
FN:6,(anonymous_1)
FNF:1
FNH:1
FNDA:2,(anonymous_1)
DA:1,1
DA:2,1
DA:7,2
DA:15,2
DA:16,1
DA:21,1
LF:6
LH:6
BRDA:15,0,0,1
BRDA:15,0,1,1
BRF:2
BRH:2
end_of_record
